{"C:\\Users\\dldor\\OneDrive\\Área de Trabalho\\Estágio CompassUOL\\carlos-dorneles-estudos\\carlos-dorneles-aluno\\sprint-06-semana-11\\my-api\\src\\app.js": {"path":"C:\\Users\\dldor\\OneDrive\\Área de Trabalho\\Estágio CompassUOL\\carlos-dorneles-estudos\\carlos-dorneles-aluno\\sprint-06-semana-11\\my-api\\src\\app.js","statementMap":{"0":{"start":{"line":1,"column":16},"end":{"line":1,"column":34}},"1":{"start":{"line":2,"column":17},"end":{"line":2,"column":36}},"2":{"start":{"line":3,"column":15},"end":{"line":3,"column":32}},"3":{"start":{"line":4,"column":23},"end":{"line":4,"column":57}},"4":{"start":{"line":6,"column":0},"end":{"line":6,"column":16}},"5":{"start":{"line":8,"column":12},"end":{"line":8,"column":21}},"6":{"start":{"line":9,"column":0},"end":{"line":9,"column":24}},"7":{"start":{"line":10,"column":0},"end":{"line":10,"column":32}},"8":{"start":{"line":12,"column":0},"end":{"line":17,"column":1}},"9":{"start":{"line":13,"column":2},"end":{"line":16,"column":71}},"10":{"start":{"line":15,"column":16},"end":{"line":15,"column":51}},"11":{"start":{"line":16,"column":20},"end":{"line":16,"column":69}},"12":{"start":{"line":19,"column":0},"end":{"line":19,"column":21}}},"fnMap":{"0":{"name":"(anonymous_0)","decl":{"start":{"line":15,"column":10},"end":{"line":15,"column":11}},"loc":{"start":{"line":15,"column":16},"end":{"line":15,"column":51}},"line":15},"1":{"name":"(anonymous_1)","decl":{"start":{"line":16,"column":11},"end":{"line":16,"column":12}},"loc":{"start":{"line":16,"column":20},"end":{"line":16,"column":69}},"line":16}},"branchMap":{"0":{"loc":{"start":{"line":12,"column":0},"end":{"line":17,"column":1}},"type":"if","locations":[{"start":{"line":12,"column":0},"end":{"line":17,"column":1}},{"start":{},"end":{}}],"line":12}},"s":{"0":1,"1":1,"2":1,"3":1,"4":1,"5":1,"6":1,"7":1,"8":1,"9":0,"10":0,"11":0,"12":1},"f":{"0":0,"1":0},"b":{"0":[0,1]},"_coverageSchema":"1a1c01bbd47fc00a2c39e90264f33305004495a9","hash":"7551f5a0caf9601bf419fc9f10b6ef019187c091"}
,"C:\\Users\\dldor\\OneDrive\\Área de Trabalho\\Estágio CompassUOL\\carlos-dorneles-estudos\\carlos-dorneles-aluno\\sprint-06-semana-11\\my-api\\src\\models\\Registro.js": {"path":"C:\\Users\\dldor\\OneDrive\\Área de Trabalho\\Estágio CompassUOL\\carlos-dorneles-estudos\\carlos-dorneles-aluno\\sprint-06-semana-11\\my-api\\src\\models\\Registro.js","statementMap":{"0":{"start":{"line":1,"column":17},"end":{"line":1,"column":36}},"1":{"start":{"line":3,"column":23},"end":{"line":16,"column":2}},"2":{"start":{"line":18,"column":17},"end":{"line":18,"column":59}},"3":{"start":{"line":19,"column":0},"end":{"line":19,"column":26}}},"fnMap":{},"branchMap":{},"s":{"0":1,"1":1,"2":1,"3":1},"f":{},"b":{},"_coverageSchema":"1a1c01bbd47fc00a2c39e90264f33305004495a9","hash":"364700024f31e263e41e19e9a61bc5c83564d997"}
,"C:\\Users\\dldor\\OneDrive\\Área de Trabalho\\Estágio CompassUOL\\carlos-dorneles-estudos\\carlos-dorneles-aluno\\sprint-06-semana-11\\my-api\\src\\routes\\registroRoutes.js": {"path":"C:\\Users\\dldor\\OneDrive\\Área de Trabalho\\Estágio CompassUOL\\carlos-dorneles-estudos\\carlos-dorneles-aluno\\sprint-06-semana-11\\my-api\\src\\routes\\registroRoutes.js","statementMap":{"0":{"start":{"line":1,"column":16},"end":{"line":1,"column":34}},"1":{"start":{"line":2,"column":17},"end":{"line":2,"column":46}},"2":{"start":{"line":4,"column":15},"end":{"line":4,"column":31}},"3":{"start":{"line":6,"column":0},"end":{"line":22,"column":3}},"4":{"start":{"line":7,"column":37},"end":{"line":7,"column":45}},"5":{"start":{"line":9,"column":2},"end":{"line":13,"column":3}},"6":{"start":{"line":10,"column":4},"end":{"line":12,"column":62}},"7":{"start":{"line":15,"column":2},"end":{"line":21,"column":3}},"8":{"start":{"line":16,"column":25},"end":{"line":16,"column":65}},"9":{"start":{"line":17,"column":4},"end":{"line":17,"column":30}},"10":{"start":{"line":18,"column":4},"end":{"line":18,"column":39}},"11":{"start":{"line":20,"column":4},"end":{"line":20,"column":79}},"12":{"start":{"line":24,"column":0},"end":{"line":33,"column":3}},"13":{"start":{"line":25,"column":2},"end":{"line":32,"column":3}},"14":{"start":{"line":26,"column":22},"end":{"line":26,"column":43}},"15":{"start":{"line":27,"column":4},"end":{"line":27,"column":24}},"16":{"start":{"line":29,"column":4},"end":{"line":31,"column":68}},"17":{"start":{"line":35,"column":0},"end":{"line":35,"column":24}}},"fnMap":{"0":{"name":"(anonymous_0)","decl":{"start":{"line":6,"column":25},"end":{"line":6,"column":26}},"loc":{"start":{"line":6,"column":45},"end":{"line":22,"column":1}},"line":6},"1":{"name":"(anonymous_1)","decl":{"start":{"line":24,"column":21},"end":{"line":24,"column":22}},"loc":{"start":{"line":24,"column":41},"end":{"line":33,"column":1}},"line":24}},"branchMap":{"0":{"loc":{"start":{"line":9,"column":2},"end":{"line":13,"column":3}},"type":"if","locations":[{"start":{"line":9,"column":2},"end":{"line":13,"column":3}},{"start":{},"end":{}}],"line":9},"1":{"loc":{"start":{"line":9,"column":6},"end":{"line":9,"column":35}},"type":"binary-expr","locations":[{"start":{"line":9,"column":6},"end":{"line":9,"column":10}},{"start":{"line":9,"column":14},"end":{"line":9,"column":19}},{"start":{"line":9,"column":23},"end":{"line":9,"column":35}}],"line":9}},"s":{"0":1,"1":1,"2":1,"3":1,"4":2,"5":2,"6":1,"7":1,"8":1,"9":1,"10":1,"11":0,"12":1,"13":2,"14":2,"15":2,"16":0,"17":1},"f":{"0":2,"1":2},"b":{"0":[1,1],"1":[2,1,1]},"_coverageSchema":"1a1c01bbd47fc00a2c39e90264f33305004495a9","hash":"b2cba1b3f2784946bb32d46b0149a38c76d1e7f6"}
}
